I tensorflow/stream_executor/dso_loader.cc:105] successfully opened CUDA library libcublas.so locally
I tensorflow/stream_executor/dso_loader.cc:105] successfully opened CUDA library libcudnn.so locally
I tensorflow/stream_executor/dso_loader.cc:105] successfully opened CUDA library libcufft.so locally
I tensorflow/stream_executor/dso_loader.cc:105] successfully opened CUDA library libcuda.so.1 locally
I tensorflow/stream_executor/dso_loader.cc:105] successfully opened CUDA library libcurand.so locally
I tensorflow/core/common_runtime/gpu/gpu_init.cc:102] Found device 0 with properties: 
name: Tesla K20c
major: 3 minor: 5 memoryClockRate (GHz) 0.7055
pciBusID 0000:03:00.0
Total memory: 4.69GiB
Free memory: 4.61GiB
I tensorflow/core/common_runtime/gpu/gpu_init.cc:102] Found device 1 with properties: 
name: Quadro K620
major: 5 minor: 0 memoryClockRate (GHz) 1.124
pciBusID 0000:04:00.0
Total memory: 2.00GiB
Free memory: 1.81GiB
I tensorflow/core/common_runtime/gpu/gpu_init.cc:59] cannot enable peer access from device ordinal 0 to device ordinal 1
I tensorflow/core/common_runtime/gpu/gpu_init.cc:59] cannot enable peer access from device ordinal 1 to device ordinal 0
I tensorflow/core/common_runtime/gpu/gpu_init.cc:126] DMA: 0 1 
I tensorflow/core/common_runtime/gpu/gpu_init.cc:136] 0:   Y N 
I tensorflow/core/common_runtime/gpu/gpu_init.cc:136] 1:   N Y 
I tensorflow/core/common_runtime/gpu/gpu_device.cc:755] Creating TensorFlow device (/gpu:0) -> (device: 0, name: Tesla K20c, pci bus id: 0000:03:00.0)
I tensorflow/core/common_runtime/gpu/gpu_device.cc:742] Ignoring gpu device (device: 1, name: Quadro K620, pci bus id: 0000:04:00.0) with Cuda multiprocessor count: 3. The minimum required count is 8. You can adjust this requirement with the env var TF_MIN_GPU_MULTIPROCESSOR_COUNT.
Tensor("Reshape:0", shape=(200, 211420), dtype=float32)
Step 0: loss = 2.77 (0.629 sec)
Step 50: loss = 2.22 (0.409 sec)
Step 100: loss = 1.21 (0.377 sec)
Step 150: loss = 0.70 (0.397 sec)
Step 200: loss = 0.41 (0.383 sec)
Step 250: loss = 0.33 (0.369 sec)
Step 300: loss = 0.19 (0.423 sec)
Step 350: loss = 0.13 (0.368 sec)
Step 400: loss = 0.12 (9.487 sec)
Step 450: loss = 0.10 (0.383 sec)
Step 500: loss = 0.09 (0.486 sec)
Step 550: loss = 0.05 (0.477 sec)
Step 600: loss = 0.05 (0.481 sec)
Step 650: loss = 0.05 (0.494 sec)
Step 700: loss = 0.03 (0.478 sec)
Step 750: loss = 0.03 (0.396 sec)
Step 800: loss = 0.02 (4.288 sec)
Step 850: loss = 0.02 (0.387 sec)
Step 900: loss = 0.01 (0.484 sec)
Step 950: loss = 0.02 (0.486 sec)
Training Data Eval:
  Num examples: 3200  Num correct: 3200  Precision @ 1: 1.0000
Test Data Eval:
  Num examples: 1600  Num correct: 1539  Precision @ 1: 0.9619
Step 1000: loss = 0.01 (0.464 sec)
Step 1050: loss = 0.02 (0.434 sec)
Step 1100: loss = 0.01 (0.420 sec)
Step 1150: loss = 0.01 (0.393 sec)
Step 1200: loss = 0.01 (3.945 sec)
Step 1250: loss = 0.01 (0.381 sec)
Step 1300: loss = 0.01 (0.382 sec)
Step 1350: loss = 0.01 (0.430 sec)
Step 1400: loss = 0.01 (0.415 sec)
Step 1450: loss = 0.01 (0.422 sec)
Step 1500: loss = 0.01 (0.430 sec)
Step 1550: loss = 0.00 (0.384 sec)
Step 1600: loss = 0.00 (8.578 sec)
Step 1650: loss = 0.01 (0.380 sec)
Step 1700: loss = 0.01 (0.429 sec)
Step 1750: loss = 0.00 (0.380 sec)
Step 1800: loss = 0.01 (0.447 sec)
Step 1850: loss = 0.01 (0.401 sec)
Step 1900: loss = 0.00 (0.421 sec)
Step 1950: loss = 0.01 (0.428 sec)
Training Data Eval:
  Num examples: 3200  Num correct: 3200  Precision @ 1: 1.0000
Test Data Eval:
  Num examples: 1600  Num correct: 1554  Precision @ 1: 0.9712
Step 2000: loss = 0.00 (10.031 sec)
Step 2050: loss = 0.00 (0.380 sec)
Step 2100: loss = 0.00 (0.377 sec)
Step 2150: loss = 0.00 (0.380 sec)
Step 2200: loss = 0.00 (0.393 sec)
Step 2250: loss = 0.00 (0.398 sec)
Step 2300: loss = 0.00 (0.472 sec)
Step 2350: loss = 0.00 (0.445 sec)
Step 2400: loss = 0.00 (3.799 sec)
Step 2450: loss = 0.00 (0.380 sec)
Step 2500: loss = 0.00 (0.356 sec)
Step 2550: loss = 0.00 (0.380 sec)
Step 2600: loss = 0.00 (0.422 sec)
Step 2650: loss = 0.00 (0.408 sec)
Step 2700: loss = 0.00 (0.408 sec)
Step 2750: loss = 0.00 (0.451 sec)
Step 2800: loss = 0.00 (3.849 sec)
Step 2850: loss = 0.00 (0.389 sec)
Step 2900: loss = 0.00 (0.383 sec)
Step 2950: loss = 0.00 (0.379 sec)
Training Data Eval:
  Num examples: 3200  Num correct: 3200  Precision @ 1: 1.0000
Test Data Eval:
  Num examples: 1600  Num correct: 1557  Precision @ 1: 0.9731
Step 3000: loss = 0.00 (0.493 sec)
Step 3050: loss = 0.00 (0.398 sec)
Step 3100: loss = 0.00 (0.379 sec)
Step 3150: loss = 0.00 (0.408 sec)
Step 3200: loss = 0.00 (3.731 sec)
Step 3250: loss = 0.00 (0.391 sec)
Step 3300: loss = 0.00 (0.381 sec)
Step 3350: loss = 0.00 (0.391 sec)
Step 3400: loss = 0.00 (0.393 sec)
Step 3450: loss = 0.00 (0.381 sec)
Step 3500: loss = 0.00 (0.397 sec)
Step 3550: loss = 0.00 (0.397 sec)
Step 3600: loss = 0.00 (3.121 sec)
Step 3650: loss = 0.00 (0.383 sec)
Step 3700: loss = 0.00 (0.380 sec)
Step 3750: loss = 0.00 (0.380 sec)
Step 3800: loss = 0.00 (0.378 sec)
Step 3850: loss = 0.00 (0.407 sec)
Step 3900: loss = 0.00 (0.390 sec)
Step 3950: loss = 0.00 (0.398 sec)
Training Data Eval:
  Num examples: 3200  Num correct: 3200  Precision @ 1: 1.0000
Test Data Eval:
  Num examples: 1600  Num correct: 1557  Precision @ 1: 0.9731
Step 4000: loss = 0.00 (13.720 sec)
Step 4050: loss = 0.00 (0.382 sec)
Step 4100: loss = 0.00 (0.380 sec)
Step 4150: loss = 0.00 (0.391 sec)
Step 4200: loss = 0.00 (0.398 sec)
Step 4250: loss = 0.00 (0.380 sec)
Step 4300: loss = 0.00 (0.399 sec)
Step 4350: loss = 0.00 (0.380 sec)
Step 4400: loss = 0.00 (2.803 sec)
Step 4450: loss = 0.00 (0.379 sec)
Step 4500: loss = 0.00 (0.379 sec)
Step 4550: loss = 0.00 (0.400 sec)
Step 4600: loss = 0.00 (0.380 sec)
Step 4650: loss = 0.00 (0.399 sec)
Step 4700: loss = 0.00 (0.379 sec)
Step 4750: loss = 0.00 (0.398 sec)
Step 4800: loss = 0.00 (4.196 sec)
Step 4850: loss = 0.00 (0.379 sec)
Step 4900: loss = 0.00 (0.380 sec)
Step 4950: loss = 0.00 (0.383 sec)
Training Data Eval:
  Num examples: 3200  Num correct: 3200  Precision @ 1: 1.0000
Test Data Eval:
  Num examples: 1600  Num correct: 1558  Precision @ 1: 0.9738
